[11:35:56] [ServerMain/INFO]: Environment: authHost='https://authserver.mojang.com', accountsHost='https://api.mojang.com', sessionHost='https://sessionserver.mojang.com', servicesHost='https://api.minecraftservices.com', name='PROD'
[11:35:57] [ServerMain/WARN]: Ambiguity between arguments [teleport, location] and [teleport, destination] with inputs: [0.1 -0.5 .9, 0 0 0]
[11:35:57] [ServerMain/WARN]: Ambiguity between arguments [teleport, location] and [teleport, targets] with inputs: [0.1 -0.5 .9, 0 0 0]
[11:35:57] [ServerMain/WARN]: Ambiguity between arguments [teleport, destination] and [teleport, targets] with inputs: [Player, 0123, @e, dd12be42-52a9-4a91-a8a1-11c01849e498]
[11:35:57] [ServerMain/WARN]: Ambiguity between arguments [teleport, targets] and [teleport, destination] with inputs: [Player, 0123, dd12be42-52a9-4a91-a8a1-11c01849e498]
[11:35:57] [ServerMain/WARN]: Ambiguity between arguments [teleport, targets, location] and [teleport, targets, destination] with inputs: [0.1 -0.5 .9, 0 0 0]
[11:35:57] [ServerMain/INFO]: Reloading ResourceManager: Default, anti creeper grief v1.1.2.zip, back v1.3.2.zip, coordinates hud v1.2.2.zip, durability ping v1.1.2.zip, fast leaf decay v2.0.5.zip, graves v2.8.5.zip, homes v1.5.3.zip, multiplayer sleep v2.6.2.zip, timber v2.1.4.zip, tpa v2.3.2.zip, elevators v1.0.3.zip
[11:35:59] [Worker-Main-7/INFO]: Loaded 7 recipes
[11:36:00] [Worker-Main-7/INFO]: Loaded 1220 advancements
[11:36:02] [Server thread/INFO]: Starting minecraft server version 1.18.1
[11:36:02] [Server thread/INFO]: Loading properties
[11:36:02] [Server thread/INFO]: Default game type: SURVIVAL
[11:36:02] [Server thread/INFO]: Generating keypair
[11:36:02] [Server thread/INFO]: Starting Minecraft server on *:25565
[11:36:03] [Server thread/INFO]: Using default channel type
[11:36:03] [Server thread/WARN]: **** SERVER IS RUNNING IN OFFLINE/INSECURE MODE!
[11:36:03] [Server thread/WARN]: The server will make no attempt to authenticate usernames. Beware.
[11:36:03] [Server thread/WARN]: While this makes the game possible to play without internet access, it also opens up the ability for hackers to connect with any username they choose.
[11:36:03] [Server thread/WARN]: To change this, set "online-mode" to "true" in the server.properties file.
[11:36:03] [Server thread/INFO]: Preparing level "world"
[11:36:03] [Server thread/INFO]: Preparing start region for dimension minecraft:overworld
[11:36:04] [Worker-Main-10/INFO]: Preparing spawn area: 0%
[11:36:04] [Worker-Main-7/INFO]: Preparing spawn area: 0%
[11:36:04] [Worker-Main-9/INFO]: Preparing spawn area: 0%
[11:36:04] [Worker-Main-9/INFO]: Preparing spawn area: 0%
[11:36:05] [Worker-Main-10/INFO]: Preparing spawn area: 0%
[11:36:06] [Worker-Main-8/INFO]: Preparing spawn area: 0%
[11:36:09] [Worker-Main-10/INFO]: Preparing spawn area: 0%
[11:36:09] [Worker-Main-10/INFO]: Preparing spawn area: 0%
[11:36:09] [Worker-Main-10/INFO]: Preparing spawn area: 0%
[11:36:09] [Worker-Main-10/INFO]: Preparing spawn area: 0%
[11:36:09] [Worker-Main-10/INFO]: Preparing spawn area: 0%
[11:36:09] [Worker-Main-10/INFO]: Preparing spawn area: 0%
[11:36:09] [Worker-Main-9/INFO]: Preparing spawn area: 8%
[11:36:09] [Worker-Main-10/INFO]: Preparing spawn area: 27%
[11:36:10] [Worker-Main-10/INFO]: Preparing spawn area: 43%
[11:36:10] [Worker-Main-10/INFO]: Preparing spawn area: 72%
[11:36:11] [Worker-Main-8/INFO]: Preparing spawn area: 86%
[11:36:11] [Server thread/INFO]: Time elapsed: 8355 ms
[11:36:11] [Server thread/INFO]: Done (8.534s)! For help, type "help"
[11:36:22] [Server thread/INFO]: Stopping the server
[11:36:22] [Server thread/INFO]: Stopping server
[11:36:22] [Server thread/INFO]: Saving players
[11:36:22] [Server thread/INFO]: Saving worlds
[11:36:22] [Server thread/INFO]: Saving chunks for level 'ServerLevel[world]'/minecraft:overworld
[11:36:22] [Server thread/INFO]: Saving chunks for level 'ServerLevel[world]'/minecraft:the_nether
[11:36:22] [Server thread/INFO]: Saving chunks for level 'ServerLevel[world]'/minecraft:the_end
[11:36:22] [Server thread/INFO]: ThreadedAnvilChunkStorage (world): All chunks are saved
[11:36:22] [Server thread/INFO]: ThreadedAnvilChunkStorage (DIM-1): All chunks are saved
[11:36:22] [Server thread/INFO]: ThreadedAnvilChunkStorage (DIM1): All chunks are saved
[11:36:22] [Server thread/INFO]: ThreadedAnvilChunkStorage: All dimensions are saved
